The system is: Windows - 10.0.17134 - AMD64
Compiling the C compiler identification source file "CMakeCCompilerId.c" succeeded.
Compiler: C:/Program Files (x86)/Microsoft Visual Studio/2017/Community/VC/Tools/MSVC/14.10.25017/bin/HostX86/x86/cl.exe 
Build flags: 
Id flags:  

The output was:
0
Microsoft (R) C/C++-Optimierungscompiler Version 19.10.25017 fÅr x86
Copyright (C) Microsoft Corporation. Alle Rechte vorbehalten.

CMakeCCompilerId.c
Microsoft (R) Incremental Linker Version 14.10.25017.0
Copyright (C) Microsoft Corporation.  All rights reserved.

/out:CMakeCCompilerId.exe 
CMakeCCompilerId.obj 


Compilation of the C compiler identification source "CMakeCCompilerId.c" produced "CMakeCCompilerId.exe"

Compilation of the C compiler identification source "CMakeCCompilerId.c" produced "CMakeCCompilerId.obj"

The C compiler identification is MSVC, found in "C:/Users/Simon/CLionProjects/Solitaer_C/ass3/cmake-build-debug/CMakeFiles/3.12.3/CompilerIdC/CMakeCCompilerId.exe"

Determining if the C compiler works passed with the following output:
Change Dir: C:/Users/Simon/CLionProjects/Solitaer_C/ass3/cmake-build-debug/CMakeFiles/CMakeTmp

Run Build Command:"nmake" "/nologo" "cmTC_2c365\fast"
	"C:\Program Files (x86)\Microsoft Visual Studio\2017\Community\VC\Tools\MSVC\14.10.25017\bin\HostX86\x86\nmake.exe" -f CMakeFiles\cmTC_2c365.dir\build.make /nologo -L                  CMakeFiles\cmTC_2c365.dir\build
Building C object CMakeFiles/cmTC_2c365.dir/testCCompiler.c.obj
	C:\PROGRA~2\MIB055~1\2017\COMMUN~1\VC\Tools\MSVC\1410~1.250\bin\HostX86\x86\cl.exe @C:\Users\Simon\AppData\Local\Temp\nm666B.tmp
testCCompiler.c
Linking C executable cmTC_2c365.exe
	"C:\Program Files\JetBrains\CLion 2018.2.6\bin\cmake\win\bin\cmake.exe" -E vs_link_exe --intdir=CMakeFiles\cmTC_2c365.dir --manifests  -- C:\PROGRA~2\MIB055~1\2017\COMMUN~1\VC\Tools\MSVC\1410~1.250\bin\HostX86\x86\link.exe /nologo @CMakeFiles\cmTC_2c365.dir\objects1.rsp @C:\Users\Simon\AppData\Local\Temp\nm69F6.tmp


Detecting C compiler ABI info compiled with the following output:
Change Dir: C:/Users/Simon/CLionProjects/Solitaer_C/ass3/cmake-build-debug/CMakeFiles/CMakeTmp

Run Build Command:"nmake" "/nologo" "cmTC_39bc1\fast"
	"C:\Program Files (x86)\Microsoft Visual Studio\2017\Community\VC\Tools\MSVC\14.10.25017\bin\HostX86\x86\nmake.exe" -f CMakeFiles\cmTC_39bc1.dir\build.make /nologo -L                  CMakeFiles\cmTC_39bc1.dir\build
Building C object CMakeFiles/cmTC_39bc1.dir/CMakeCCompilerABI.c.obj
	C:\PROGRA~2\MIB055~1\2017\COMMUN~1\VC\Tools\MSVC\1410~1.250\bin\HostX86\x86\cl.exe @C:\Users\Simon\AppData\Local\Temp\nm6D03.tmp
CMakeCCompilerABI.c
Linking C executable cmTC_39bc1.exe
	"C:\Program Files\JetBrains\CLion 2018.2.6\bin\cmake\win\bin\cmake.exe" -E vs_link_exe --intdir=CMakeFiles\cmTC_39bc1.dir --manifests  -- C:\PROGRA~2\MIB055~1\2017\COMMUN~1\VC\Tools\MSVC\1410~1.250\bin\HostX86\x86\link.exe /nologo @CMakeFiles\cmTC_39bc1.dir\objects1.rsp @C:\Users\Simon\AppData\Local\Temp\nm6D61.tmp




Detecting C [] compiler features compiled with the following output:
Change Dir: C:/Users/Simon/CLionProjects/Solitaer_C/ass3/cmake-build-debug/CMakeFiles/CMakeTmp

Run Build Command:"nmake" "/nologo" "cmTC_1ee69\fast"
	"C:\Program Files (x86)\Microsoft Visual Studio\2017\Community\VC\Tools\MSVC\14.10.25017\bin\HostX86\x86\nmake.exe" -f CMakeFiles\cmTC_1ee69.dir\build.make /nologo -L                  CMakeFiles\cmTC_1ee69.dir\build
Building C object CMakeFiles/cmTC_1ee69.dir/feature_tests.c.obj
	C:\PROGRA~2\MIB055~1\2017\COMMUN~1\VC\Tools\MSVC\1410~1.250\bin\HostX86\x86\cl.exe @C:\Users\Simon\AppData\Local\Temp\nm7010.tmp
feature_tests.c
Linking C executable cmTC_1ee69.exe
	"C:\Program Files\JetBrains\CLion 2018.2.6\bin\cmake\win\bin\cmake.exe" -E vs_link_exe --intdir=CMakeFiles\cmTC_1ee69.dir --manifests  -- C:\PROGRA~2\MIB055~1\2017\COMMUN~1\VC\Tools\MSVC\1410~1.250\bin\HostX86\x86\link.exe /nologo @CMakeFiles\cmTC_1ee69.dir\objects1.rsp @C:\Users\Simon\AppData\Local\Temp\nm705F.tmp


    Feature record: C_FEATURE:1c_function_prototypes
    Feature record: C_FEATURE:1c_variadic_macros
